2025-12-30 18:38:03,972 - VSMK-Logger - INFO - Starting ingestion of 10 simulated alerts...
2025-12-30 18:38:03,972 - VSMK-Logger - INFO - Initializing VSMK-DecisionCore...
2025-12-30 18:38:03,972 - VSMK-Logger - INFO - Analyzing alert 05775fc8-9c95-4d1c-b795-cb9ea1d3216f from cloud_guard...
2025-12-30 18:38:03,973 - VSMK-Logger - INFO - Decision for 05775fc8-9c95-4d1c-b795-cb9ea1d3216f: INVESTIGATE (Confidence: 0.47)
2025-12-30 18:38:03,973 - VSMK-Logger - INFO - Analyzing alert 0ee39f2c-a667-494f-b386-d19c7678d6e5 from edr_agent...
2025-12-30 18:38:03,973 - VSMK-Logger - INFO - Decision for 0ee39f2c-a667-494f-b386-d19c7678d6e5: INVESTIGATE (Confidence: 0.65)
2025-12-30 18:38:03,973 - VSMK-Logger - INFO - Analyzing alert cd667bc5-c485-4ca2-add7-9d77a1b63cf0 from legacy_firewall...
2025-12-30 18:38:03,973 - VSMK-Logger - INFO - Decision for cd667bc5-c485-4ca2-add7-9d77a1b63cf0: IGNORE (Confidence: 0.19)
2025-12-30 18:38:03,973 - VSMK-Logger - INFO - Analyzing alert bc31c835-6fc4-40e2-8220-bfd480387d24 from email_gateway...
2025-12-30 18:38:03,973 - VSMK-Logger - INFO - Decision for bc31c835-6fc4-40e2-8220-bfd480387d24: INVESTIGATE (Confidence: 0.41)
2025-12-30 18:38:03,974 - VSMK-Logger - INFO - Analyzing alert 693f2bc9-c0eb-434a-8ea9-7eda95ba98ee from edr_agent...
2025-12-30 18:38:03,974 - VSMK-Logger - INFO - Decision for 693f2bc9-c0eb-434a-8ea9-7eda95ba98ee: INVESTIGATE (Confidence: 0.63)
2025-12-30 18:38:03,974 - VSMK-Logger - INFO - Analyzing alert c255aae6-6e20-4c8b-93c3-fead579042ff from legacy_firewall...
2025-12-30 18:38:03,974 - VSMK-Logger - INFO - Decision for c255aae6-6e20-4c8b-93c3-fead579042ff: IGNORE (Confidence: 0.21)
2025-12-30 18:38:03,974 - VSMK-Logger - INFO - Analyzing alert 41b83701-7e49-46b6-8af9-4eb57f0162f1 from edr_agent...
2025-12-30 18:38:03,974 - VSMK-Logger - INFO - Decision for 41b83701-7e49-46b6-8af9-4eb57f0162f1: INVESTIGATE (Confidence: 0.44)
2025-12-30 18:38:03,974 - VSMK-Logger - INFO - Analyzing alert f253db98-3ee8-4fe6-a383-2308e48ceb83 from email_gateway...
2025-12-30 18:38:03,974 - VSMK-Logger - INFO - Decision for f253db98-3ee8-4fe6-a383-2308e48ceb83: INVESTIGATE (Confidence: 0.59)
2025-12-30 18:38:03,974 - VSMK-Logger - INFO - Analyzing alert bb835e84-2018-42b8-a51e-b20969b2a393 from email_gateway...
2025-12-30 18:38:03,975 - VSMK-Logger - INFO - Decision for bb835e84-2018-42b8-a51e-b20969b2a393: IGNORE (Confidence: 0.40)
2025-12-30 18:38:03,975 - VSMK-Logger - INFO - Analyzing alert 777d2ab9-dc42-46bc-beb7-29e0b4e28d0f from email_gateway...
2025-12-30 18:38:03,975 - VSMK-Logger - INFO - Decision for 777d2ab9-dc42-46bc-beb7-29e0b4e28d0f: INVESTIGATE (Confidence: 0.56)
2025-12-30 18:38:03,975 - VSMK-Logger - INFO - Ingestion complete.
2025-12-30 18:38:14,719 - VSMK-Logger - INFO - Replaying decision 0b079ad1-868b-4dc3-aab6-87430a0a3394...
2025-12-30 18:42:13,286 - VSMK-Logger - INFO - Starting ingestion of 5 simulated alerts...
2025-12-30 18:42:13,286 - VSMK-Logger - INFO - Initializing VSMK-DecisionCore...
2025-12-30 18:42:13,287 - VSMK-Logger - INFO - Analyzing alert 94ff8b54-4d7e-4dfc-ba78-112ccb0f06c9 from edr_agent...
2025-12-30 18:42:13,287 - VSMK-Logger - INFO - Decision for 94ff8b54-4d7e-4dfc-ba78-112ccb0f06c9: ESCALATE (Confidence: 0.80)
2025-12-30 18:42:13,287 - VSMK-Logger - INFO - Analyzing alert fc2a3ea6-f971-4c50-9b1f-99212740b13e from printer_logs...
2025-12-30 18:42:13,287 - VSMK-Logger - INFO - Decision for fc2a3ea6-f971-4c50-9b1f-99212740b13e: IGNORE (Confidence: 0.20)
2025-12-30 18:42:13,287 - VSMK-Logger - INFO - Analyzing alert cadcfb06-7988-461f-86d4-6caeb0bf1ebb from printer_logs...
2025-12-30 18:42:13,287 - VSMK-Logger - INFO - Decision for cadcfb06-7988-461f-86d4-6caeb0bf1ebb: IGNORE (Confidence: 0.28)
2025-12-30 18:42:13,287 - VSMK-Logger - INFO - Analyzing alert 38a6dbd1-6b5c-44e2-9e33-6da9c7e466f5 from edr_agent...
2025-12-30 18:42:13,287 - VSMK-Logger - INFO - Decision for 38a6dbd1-6b5c-44e2-9e33-6da9c7e466f5: INVESTIGATE (Confidence: 0.63)
2025-12-30 18:42:13,288 - VSMK-Logger - INFO - Analyzing alert c309bd92-7921-41c2-b61e-53cae7fa0584 from cloud_guard...
2025-12-30 18:42:13,288 - VSMK-Logger - INFO - Decision for c309bd92-7921-41c2-b61e-53cae7fa0584: INVESTIGATE (Confidence: 0.47)
2025-12-30 18:42:13,288 - VSMK-Logger - INFO - Ingestion complete.
2025-12-30 18:42:59,636 - VSMK-Logger - INFO - Starting ingestion of 5 simulated alerts...
2025-12-30 18:42:59,637 - VSMK-Logger - INFO - Initializing VSMK-DecisionCore...
2025-12-30 18:42:59,637 - VSMK-Logger - INFO - Analyzing alert 2eadb0cc-6e01-40c0-adf7-a5b3905cca61 from cloud_guard...
2025-12-30 18:42:59,637 - VSMK-Logger - INFO - Decision for 2eadb0cc-6e01-40c0-adf7-a5b3905cca61: INVESTIGATE (Confidence: 0.45)
2025-12-30 18:42:59,638 - VSMK-Logger - INFO - Analyzing alert f1bd1d96-415e-43f0-abdf-55bdb23daf51 from edr_agent...
2025-12-30 18:42:59,638 - VSMK-Logger - INFO - Decision for f1bd1d96-415e-43f0-abdf-55bdb23daf51: INVESTIGATE (Confidence: 0.64)
2025-12-30 18:42:59,638 - VSMK-Logger - INFO - Analyzing alert 0de18091-037f-491e-9bd0-9ac72f30aba4 from cloud_guard...
2025-12-30 18:42:59,638 - VSMK-Logger - INFO - Decision for 0de18091-037f-491e-9bd0-9ac72f30aba4: INVESTIGATE (Confidence: 0.44)
2025-12-30 18:42:59,638 - VSMK-Logger - INFO - Analyzing alert 40ef5ce0-8d13-48f9-ab6e-944d1de28295 from printer_logs...
2025-12-30 18:42:59,638 - VSMK-Logger - INFO - Decision for 40ef5ce0-8d13-48f9-ab6e-944d1de28295: IGNORE (Confidence: 0.22)
2025-12-30 18:42:59,638 - VSMK-Logger - INFO - Analyzing alert f0b7f022-6e8e-4811-9ac2-a5886b2bc96c from email_gateway...
2025-12-30 18:42:59,638 - VSMK-Logger - INFO - Decision for f0b7f022-6e8e-4811-9ac2-a5886b2bc96c: IGNORE (Confidence: 0.40)
2025-12-30 18:42:59,639 - VSMK-Logger - INFO - Ingestion complete.
2025-12-30 18:43:51,492 - VSMK-Logger - INFO - Replaying decision 0b079ad1-868b-4dc3-aab6-87430a0a3394...
2025-12-30 18:45:33,830 - VSMK-Logger - INFO - Replaying decision 48d1ca99-1a7c-42e9-b5ec-eb7b119e7c35...
